<?xml version="1.0" encoding="UTF-8"?>
<testsuite name="LibraryTest" tests="4" skipped="0" failures="0" errors="0" timestamp="2021-04-10T04:36:16" hostname="sabbagh99" time="0.003">
  <properties/>
  <testcase name="testMulti" classname="LibraryTest" time="0.002"/>
  <testcase name="testRoll" classname="LibraryTest" time="0.001"/>
  <testcase name="testArrayAvg" classname="LibraryTest" time="0.0"/>
  <testcase name="testContainsDuplicates" classname="LibraryTest" time="0.0"/>
  <system-out><![CDATA[]]></system-out>
  <system-err><![CDATA[]]></system-err>
</testsuite>
