<?xml version="1.0" encoding="UTF-8"?>
<testsuite name="LibraryTest" tests="6" skipped="0" failures="0" errors="0" timestamp="2021-04-10T14:18:44" hostname="sabbagh99" time="0.004">
  <properties/>
  <testcase name="testMulti" classname="LibraryTest" time="0.001"/>
  <testcase name="testTally" classname="LibraryTest" time="0.001"/>
  <testcase name="testRoll" classname="LibraryTest" time="0.001"/>
  <testcase name="testArrayAvg" classname="LibraryTest" time="0.0"/>
  <testcase name="testContainsDuplicates" classname="LibraryTest" time="0.0"/>
  <testcase name="testWeather" classname="LibraryTest" time="0.0"/>
  <system-out><![CDATA[]]></system-out>
  <system-err><![CDATA[]]></system-err>
</testsuite>
